Starting server
/
/favicon.ico
/?@
Serving data: "T:21.18, H:60.00, P:765.30". type Mime: text/plain
/favicon.ico
/?@
Serving data: "T:21.18, H:60.00, P:765.31". type Mime: text/plain
/favicon.ico
/?@
Serving data: "T:21.17, H:60.00, P:765.33". type Mime: text/plain
/favicon.ico
/?@
Serving data: "T:21.17, H:60.00, P:765.33". type Mime: text/plain
/favicon.ico
/?@
Serving data: "T:21.16, H:60.00, P:765.29". type Mime: text/plain
/favicon.ico
/?T
Serving data: "Trap on". type Mime: text/plain
/favicon.ico
/?t
Serving data: "Trap off". type Mime: text/plain
/favicon.ico
/?A
Serving data: "Light on". type Mime: text/plain
/favicon.ico
/?a
Serving data: "Light off". type Mime: text/plain
/favicon.ico
/?A
Serving data: "Light on". type Mime: text/plain
/favicon.ico
/?a
Serving data: "Light off". type Mime: text/plain
/favicon.ico
/?T
Serving data: "Trap on". type Mime: text/plain
/favicon.ico
/?t
Serving data: "Trap off". type Mime: text/plain
/favicon.ico
/?@
Serving data: "T:20.82, H:60.00, P:764.98". type Mime: text/plain
/favicon.ico
/?@
Serving data: "T:20.81, H:60.00, P:764.93". type Mime: text/plain
/favicon.ico
/?@
Serving data: "T:20.83, H:60.00, P:764.99". type Mime: text/plain
/favicon.ico
/?@
Serving data: "T:20.83, H:60.00, P:764.99". type Mime: text/plain
/favicon.ico
/?@
Serving data: "T:20.83, H:60.00, P:765.00". type Mime: text/plain
/favicon.ico
/?@
Serving data: "T:20.84, H:60.00, P:764.97". type Mime: text/plain
/favicon.ico
/?@
Serving data: "T:20.82, H:60.00, P:764.97". type Mime: text/plain
/favicon.ico
/?@
Serving data: "T:20.82, H:59.00, P:764.98". type Mime: text/plain
/?@
Serving data: "T:20.81, H:59.00, P:764.99". type Mime: text/plain
/
/favicon.ico
/?@
Serving data: "T:20.81, H:59.00, P:764.96". type Mime: text/plain
/?@
Serving data: "T:20.82, H:59.00, P:764.97". type Mime: text/plain
/?A
Serving data: "Light on". type Mime: text/plain
/favicon.ico
/?a
Serving data: "Light off". type Mime: text/plain
/favicon.ico
/?@
Serving data: "T:20.81, H:59.00, P:764.92". type Mime: text/plain
/favicon.ico
/?@
Serving data: "T:20.84, H:59.00, P:765.00". type Mime: text/plain
/favicon.ico
/?A
Serving data: "Light on". type Mime: text/plain
/favicon.ico
/?T
Serving data: "Trap on". type Mime: text/plain
/favicon.ico
/?a
Serving data: "Light off". type Mime: text/plain
/favicon.ico
/?t
Serving data: "Trap off". type Mime: text/plain
/favicon.ico
/?@
Serving data: "T:20.85, H:59.00, P:764.97". type Mime: text/plain
/favicon.ico
/?@
Serving data: "T:20.82, H:58.00, P:765.02". type Mime: text/plain
/?@
Serving data: "T:20.81, H:58.00, P:765.01". type Mime: text/plain
/?A
Serving data: "Light on". type Mime: text/plain
/?a
Serving data: "Light off". type Mime: text/plain
/?T
Serving data: "Trap on". type Mime: text/plain
/?t
Serving data: "Trap off". type Mime: text/plain
/?@
Serving data: "T:20.82, H:59.00, P:765.02". type Mime: text/plain
/?@
Serving data: "T:20.74, H:58.00, P:764.94". type Mime: text/plain
/?A
Serving data: "Light on". type Mime: text/plain
/?a
Serving data: "Light off". type Mime: text/plain
/?@
Serving data: "T:20.72, H:58.00, P:764.96". type Mime: text/plain
/?@
Serving data: "T:20.75, H:58.00, P:764.95". type Mime: text/plain
/?@
Serving data: "T:20.77, H:58.00, P:764.85". type Mime: text/plain
/favicon.ico
/?@
Serving data: "T:20.80, H:58.00, P:764.85". type Mime: text/plain
/favicon.ico
/?@
Serving data: "T:20.78, H:58.00, P:764.84". type Mime: text/plain
/favicon.ico
/?@
Serving data: "T:20.80, H:58.00, P:764.92". type Mime: text/plain
/favicon.ico
/?@
Serving data: "T:20.78, H:58.00, P:764.93". type Mime: text/plain
/favicon.ico
/?@
Serving data: "T:20.80, H:58.00, P:764.92". type Mime: text/plain
/favicon.ico
/?@
Serving data: "T:20.78, H:58.00, P:764.92". type Mime: text/plain
/favicon.ico
/?@
Serving data: "T:20.78, H:58.00, P:764.91". type Mime: text/plain
/favicon.ico
/?@
Serving data: "T:20.78, H:58.00, P:764.95". type Mime: text/plain
/favicon.ico
/?@
Serving data: "T:20.80, H:58.00, P:764.93". type Mime: text/plain
/favicon.ico
/?@
Serving data: "T:20.79, H:58.00, P:764.91". type Mime: text/plain
/?@
Serving data: "T:20.82, H:58.00, P:764.90". type Mime: text/plain
/?@
Serving data: "T:20.83, H:58.00, P:764.91". type Mime: text/plain
/?@
/?@
Serving data: "T:21.19, H:59.00, P:765.11". type Mime: text/plain
/favicon.ico
/?@
Serving data: "T:21.22, H:59.00, P:765.14". type Mime: text/plain
/favicon.ico
/?@
Serving data: "T:21.19, H:59.00, P:765.11". type Mime: text/plain
/favicon.ico
/?@
Serving data: "T:21.21, H:59.00, P:765.16". type Mime: text/plain
/favicon.ico
/?@
Serving data: "T:21.13, H:56.00, P:765.12". type Mime: text/plain
/?A
Serving data: "Light on". type Mime: text/plain
/favicon.ico
/?a
Serving data: "Light off". type Mime: text/plain
/favicon.ico
/?T
Serving data: "Trap on". type Mime: text/plain
/favicon.ico
/?t
Serving data: "Trap off". type Mime: text/plain
/favicon.ico
/?P
Serving data: "Pump on". type Mime: text/plain
/?P
Serving data: "Pump on". type Mime: text/plain
/?p
Serving data: "Pump off". type Mime: text/plain
/?@
Serving data: "T:20.98, H:56.00, P:765.15, S:405". type Mime: text/plain
/?@
Serving data: "T:21.03, H:56.00, P:765.13, S:404". type Mime: text/plain
/?P
Serving data: "Pump on". type Mime: text/plain
/favicon.ico
/?p
Serving data: "Pump off". type Mime: text/plain
/favicon.ico
/?P
Serving data: "Pump on". type Mime: text/plain
/favicon.ico
/?p
Serving data: "Pump off". type Mime: text/plain
/favicon.ico
/?@
Serving data: "T:21.03, H:55.00, P:765.15, S:378". type Mime: text/plain
/?@
Serving data: "T:21.01, H:55.00, P:765.09, S:402". type Mime: text/plain
/?@
Serving data: "T:21.09, H:55.00, P:765.12, S:382". type Mime: text/plain
/?@
Serving data: "T:21.27, H:57.00, P:765.10, S:383". type Mime: text/plain
/?P
Serving data: "Pump on". type Mime: text/plain
/favicon.ico
/?p
Serving data: "Pump off". type Mime: text/plain
/favicon.ico
/?@
Serving data: "T:21.18, H:55.00, P:765.11". type Mime: text/plain
/?@
Serving data: "T:21.06, H:56.00, P:765.10". type Mime: text/plain
/?p
Serving data: "Pump off". type Mime: text/plain
/favicon.ico
/?P
Serving data: "Pump on". type Mime: text/plain
/?P
Serving data: "Pump on". type Mime: text/plain
/?p
Serving data: "Pump off". type Mime: text/plain
/?A
Serving data: "Light on". type Mime: text/plain
/?P
Serving data: "Pump on". type Mime: text/plain
/?P
/?p
Serving data: "Pump off". type Mime: text/plain
/?T
Serving data: "Trap on". type Mime: text/plain
/?t
Serving data: "Trap off". type Mime: text/plain
/?@
/?a
Serving data: "T:0.00, H:57.00, P:445.06". type Mime: text/plain
/?@
Serving data: "Light off". type Mime: text/plain
/?@
Serving data: "T:0.00, H:57.00, P:445.06". type Mime: text/plain
/?@
Serving data: "T:20.83, H:57.00, P:765.11, S:364". type Mime: text/plain
/favicon.ico
/?@
Serving data: "T:20.84, H:57.00, P:765.09, S:343". type Mime: text/plain
/favicon.ico
/?@
Serving data: "T:20.86, H:57.00, P:765.11, S:363". type Mime: text/plain
/favicon.ico
/?@
Serving data: "T:20.88, H:57.00, P:765.13, S:372". type Mime: text/plain
/favicon.ico
/?@
Serving data: "T:20.88, H:57.00, P:765.10, S:345". type Mime: text/plain
/favicon.ico
/?@
Serving data: "T:20.89, H:57.00, P:765.14, S:363". type Mime: text/plain
/favicon.ico
/?@
Serving data: "T:20.90, H:57.00, P:765.13, S:343". type Mime: text/plain
/favicon.ico
/?@
Serving data: "T:20.90, H:57.00, P:765.12, S:371". type Mime: text/plain
/favicon.ico
/?@
Serving data: "T:20.90, H:57.00, P:765.12, S:360". type Mime: text/plain
/favicon.ico
/?@
Serving data: "T:20.92, H:57.00, P:765.12, S:342". type Mime: text/plain
/favicon.ico
/?@
Serving data: "T:20.92, H:57.00, P:765.13, S:375". type Mime: text/plain
/favicon.ico
/?P
Serving data: "Pump on". type Mime: text/plain
/favicon.ico
/?p
Serving data: "Pump off". type Mime: text/plain
/favicon.ico
/?A
Serving data: "Light on". type Mime: text/plain
/favicon.ico
/?@
Serving data: "T:28.36, H:57.00, P:460.93, S:330". type Mime: text/plain
/?@
Serving data: "T:28.36, H:57.00, P:460.93, S:350". type Mime: text/plain
/?@
Serving data: "T:28.36, H:57.00, P:460.93, S:361". type Mime: text/plain
/favicon.ico
/?@
Serving data: "T:28.36, H:57.00, P:460.93, S:359". type Mime: text/plain
/favicon.ico
/?@
Serving data: "T:28.36, H:57.00, P:460.93, S:342". type Mime: text/plain
/favicon.ico
/?@
Serving data: "T:22.85, H:56.00, P:765.04, S:366". type Mime: text/plain
/?P
Serving data: "Pump on". type Mime: text/plain
/?P
Serving data: "Pump on". type Mime: text/plain
/?p
Serving data: "Pump off". type Mime: text/plain
/?@
Serving data: "T:28.36, H:53.00, P:460.93, S:344". type Mime: text/plain
/?A
Serving data: "Light on". type Mime: text/plain
/?@
Serving data: "T:22.60, H:52.00, P:764.90, S:352". type Mime: text/plain
/?a
Serving data: "Light off". type Mime: text/plain
/?A
Serving data: "Light on". type Mime: text/plain
/?@
Serving data: "T:22.32, H:51.00, P:764.94, S:360". type Mime: text/plain
/?a
Serving data: "Light off". type Mime: text/plain
/?@
Serving data: "T:21.65, H:55.00, P:765.13, S:352". type Mime: text/plain
/?A
Serving data: "Light on". type Mime: text/plain
/?a
Serving data: "Light off". type Mime: text/plain
/?A
Serving data: "Light on". type Mime: text/plain
/?a
Serving data: "Light off". type Mime: text/plain
/?T
Serving data: "Trap on". type Mime: text/plain
/?t
Serving data: "Trap off". type Mime: text/plain
/?@
Serving data: "T:21.19, H:54.00, P:764.81, S:341". type Mime: text/plain
/favicon.ico
/?@
Serving data: "T:21.18, H:54.00, P:764.81, S:327". type Mime: text/plain
/favicon.ico
/?@
Serving data: "T:21.18, H:54.00, P:764.79, S:339". type Mime: text/plain
/favicon.ico
/?@
Serving data: "T:21.19, H:54.00, P:764.81, S:307". type Mime: text/plain
/favicon.ico
/?@
Serving data: "T:21.19, H:54.00, P:764.84, S:326". type Mime: text/plain
/favicon.ico
/?@
Serving data: "T:21.18, H:54.00, P:764.84, S:319". type Mime: text/plain
/favicon.ico
/?@
Serving data: "T:21.19, H:54.00, P:764.82, S:308". type Mime: text/plain
/favicon.ico
/?@
Serving data: "T:21.19, H:54.00, P:764.83, S:337". type Mime: text/plain
/favicon.ico
/?@
Serving data: "T:21.18, H:54.00, P:764.82, S:307". type Mime: text/plain
/favicon.ico
/?@
Serving data: "T:21.19, H:54.00, P:764.78, S:323". type Mime: text/plain
/favicon.ico
/?@
Serving data: "T:21.18, H:54.00, P:764.87, S:329". type Mime: text/plain
/?A
Serving data: "Light on". type Mime: text/plain
/?@
Serving data: "T:21.12, H:54.00, P:764.80, S:343". type Mime: text/plain
/?@
Serving data: "T:21.10, H:54.00, P:764.76, S:308". type Mime: text/plain
/?@
Serving data: "T:21.10, H:54.00, P:764.77, S:313". type Mime: text/plain
/?a
Serving data: "Light off". type Mime: text/plain
/?@
Serving data: "T:21.15, H:54.00, P:764.83, S:329". type Mime: text/plain
/?a
Serving data: "Light off". type Mime: text/plain
/?@
Serving data: "T:21.16, H:54.00, P:764.81, S:303". type Mime: text/plain
/?@
Serving data: "T:21.16, H:55.00, P:764.84, S:317". type Mime: text/plain
/?@
Serving data: "T:21.17, H:55.00, P:764.83, S:322". type Mime: text/plain
/?@
Serving data: "T:21.16, H:55.00, P:764.82, S:336". type Mime: text/plain
/?@
Serving data: "T:21.17, H:55.00, P:764.82, S:309". type Mime: text/plain
/?@
Serving data: "T:21.15, H:55.00, P:764.81, S:312". type Mime: text/plain
/?@
Serving data: "T:21.17, H:55.00, P:764.82, S:317". type Mime: text/plain
/?@
Serving data: "T:21.15, H:55.00, P:764.81, S:336". type Mime: text/plain
/?@
Serving data: "T:21.06, H:56.00, P:764.86, S:322". type Mime: text/plain
/?@
Serving data: "T:20.97, H:57.00, P:764.96, S:337". type Mime: text/plain
/?@
Serving data: "T:20.91, H:57.00, P:764.88, S:333". type Mime: text/plain
/?@
Serving data: "T:20.90, H:57.00, P:764.93, S:325". type Mime: text/plain
/?@
Serving data: "T:20.85, H:58.00, P:764.99, S:305". type Mime: text/plain
/?@
Serving data: "T:20.82, H:57.00, P:764.93, S:306". type Mime: text/plain
/?A
Serving data: "Light on". type Mime: text/plain
/?a
Serving data: "Light off". type Mime: text/plain
/?@
Serving data: "T:20.78, H:57.00, P:764.88, S:327". type Mime: text/plain
/?A
Serving data: "Light on". type Mime: text/plain
/favicon.ico
/?a
Serving data: "Light off". type Mime: text/plain
/favicon.ico
/?T
Serving data: "Trap on". type Mime: text/plain
/favicon.ico
/?t
Serving data: "Trap off". type Mime: text/plain
/favicon.ico
/?@
Serving data: "T:20.82, H:57.00, P:764.86, S:350". type Mime: text/plain
/favicon.ico
/?@
Serving data: "T:20.85, H:56.00, P:764.85, S:305". type Mime: text/plain
/?A
Serving data: "Light on". type Mime: text/plain
/?a
Serving data: "Light off". type Mime: text/plain
/?T
Serving data: "Trap on". type Mime: text/plain
/?t
Serving data: "Trap off". type Mime: text/plain
/?P
Serving data: "Pump on". type Mime: text/plain
/?P
Serving data: "Pump on". type Mime: text/plain
/?p
/?p
/?p
/?p
/?p
/?p
/?p
/?p
/favicon.ico
/?p
/favicon.ico
/?P
Serving data: "Pump on". type Mime: text/plain
/favicon.ico
/?p
/favicon.ico
/?p
Serving data: "Pump off". type Mime: text/plain
/favicon.ico
/?@
Serving data: "T:21.45, H:55.00, P:765.15, S:349". type Mime: text/plain
/?p
Serving data: "Pump off". type Mime: text/plain
/favicon.ico
/?P
Serving data: "Pump on". type Mime: text/plain
/favicon.ico
/?p
Serving data: "Could not find a valid BMP280 sensor, check wiring!". type Mime: text/plain
/favicon.ico
/?p
/favicon.ico
/?p
/favicon.ico
/?@
Serving data: "T:21.35, H:52.00, P:765.13, S:342". type Mime: text/plain
/?p
Serving data: "Pump off". type Mime: text/plain
/favicon.ico
/?@
Serving data: "T:21.34, H:52.00, P:765.15, S:346". type Mime: text/plain
/favicon.ico
/?@
Serving data: "T:21.35, H:52.00, P:765.16, S:374". type Mime: text/plain
/favicon.ico
/?@
Serving data: "T:21.34, H:52.00, P:765.15, S:367". type Mime: text/plain
/favicon.ico
/?@
Serving data: "T:21.34, H:52.00, P:765.12, S:354". type Mime: text/plain
/favicon.ico
/?@
Serving data: "T:21.35, H:52.00, P:765.21, S:346". type Mime: text/plain
/favicon.ico
/?@
Serving data: "T:21.26, H:50.00, P:765.13, S:376". type Mime: text/plain
/?@
Serving data: "T:21.27, H:50.00, P:765.13, S:361". type Mime: text/plain
/?@
Serving data: "T:21.26, H:50.00, P:765.09, S:364". type Mime: text/plain
/?@
Serving data: "T:21.26, H:50.00, P:765.10, S:373". type Mime: text/plain
/?@
Serving data: "T:21.27, H:50.00, P:765.11, S:344". type Mime: text/plain
/?P
Serving data: "Pump on". type Mime: text/plain
/?P
Serving data: "Pump on". type Mime: text/plain
/?p
/?p
/?p
/?p
/?p
/?p
/?p
/?p
/?p
/?p
/?p
/?p
/?p
/?p
/?p
/?p
/?p
/?p
/?p
/?p
/?p
/?p
/?p
/?P
Serving data: "Pump on". type Mime: text/plain
/?P
Serving data: "Pump on". type Mime: text/plain
/?p
Serving data: "Pump off". type Mime: text/plain
/?@
Serving data: "T:21.26, H:nan, P:765.14, S:431". type Mime: text/plain
/?P
Serving data: "Pump on". type Mime: text/plain
/?P
Serving data: "Pump on". type Mime: text/plain
/?P
Serving data: "Pump on". type Mime: text/plain
/?P
Serving data: "Pump on". type Mime: text/plain
/?p
Serving data: "Pump off". type Mime: text/plain
/?A
Serving data: "Light on". type Mime: text/plain
/?a
Serving data: "Light off". type Mime: text/plain
/?P
Serving data: "Pump on". type Mime: text/plain
/?P
Serving data: "Pump on". type Mime: text/plain
/?p
Serving data: "Pump off". type Mime: text/plain
/?@
Serving data: "T:21.19, H:48.00, P:765.12, S:364". type Mime: text/plain
/favicon.ico
/?P
Serving data: "Pump off". type Mime: text/plain
/favicon.ico
/?P
Serving data: "Pump off". type Mime: text/plain
/favicon.ico
/?P
Serving data: "Pump off". type Mime: text/plain
/favicon.ico
/?P
Serving data: "Pump off". type Mime: text/plain
/favicon.ico
/?P
Serving data: "Pump off". type Mime: text/plain
/favicon.ico
/?P
Serving data: "Pump off". type Mime: text/plain
/favicon.ico
/?A
Serving data: "Light on". type Mime: text/plain
/favicon.ico
/?a
Serving data: "Light off". type Mime: text/plain
/favicon.ico
/?P
Serving data: "Pump off". type Mime: text/plain
/favicon.ico
/?P
Serving data: "Pump off". type Mime: text/plain
/favicon.ico
/?@
Serving data: "". type Mime: text/plain
/?P
Serving data: "Pump off". type Mime: text/plain
/favicon.ico
/?@
Serving data: "T:21.22, H:49.00, P:765.08, S:361". type Mime: text/plain
/favicon.ico
/?P
Serving data: "Pump off". type Mime: text/plain
/favicon.ico
/?P
Serving data: "Pump off". type Mime: text/plain
/favicon.ico
/?P
Serving data: "Pump off". type Mime: text/plain
/favicon.ico
/?P
Serving data: "Pump off". type Mime: text/plain
/favicon.ico
/?P
Serving data: "Pump off". type Mime: text/plain
/favicon.ico
/?p
/favicon.ico
/?p
/favicon.ico
/?P
Serving data: "Pump off". type Mime: text/plain
/favicon.ico
/?P
Serving data: "Pump off". type Mime: text/plain
/favicon.ico
/?P
Serving data: "Pump off". type Mime: text/plain
/favicon.ico
/?P
Serving data: "Pump off". type Mime: text/plain
/favicon.ico
/?P
Serving data: "". type Mime: text/plain
/favicon.ico
/?P
Serving data: "". type Mime: text/plain
/favicon.ico
/?P
Serving data: "". type Mime: text/plain
/favicon.ico
/?P
Serving data: "". type Mime: text/plain
/favicon.ico
/?@
Serving data: "". type Mime: text/plain
/favicon.ico
/?@
Serving data: "". type Mime: text/plain
/favicon.ico
/?@
Serving data: "". type Mime: text/plain
/favicon.ico
/?@
Serving data: "". type Mime: text/plain
/?@
Serving data: "". type Mime: text/plain
/?@
Serving data: "". type Mime: text/pla